<?xml version="1.0" encoding="UTF-8"?>
<testsuite xmlns:xsi="http://www.w3.org/2001/XMLSchema-instance" xsi:noNamespaceSchemaLocation="https://maven.apache.org/surefire/maven-surefire-plugin/xsd/surefire-test-report-3.0.xsd" version="3.0" name="com.hoda.estore.utility.DBTest" time="1.046" tests="4" errors="0" skipped="0" failures="0">
  <properties>
[...]
</properties>
  <testcase name="testConnection1" classname="com.hoda.estore.utility.DBTest" time="0.84">
    <system-out><![CDATA[-- JDBC Driver Loaded. --
-- Connection established. --
]]></system-out>
  </testcase>
  <testcase name="testConnection2" classname="com.hoda.estore.utility.DBTest" time="0.046">
    <system-out><![CDATA[-- JDBC Driver Loaded. --
-- Connection established. --
-- Connection closed. --
]]></system-out>
  </testcase>
  <testcase name="testConnection3" classname="com.hoda.estore.utility.DBTest" time="0.067">
    <system-out><![CDATA[-- JDBC Driver Loaded. --
-- Connection established. --
 executing query select * from products
 query executed successfully 
]]></system-out>
  </testcase>
  <testcase name="testConnection4" classname="com.hoda.estore.utility.DBTest" time="0.047">
    <system-out><![CDATA[-- JDBC Driver Loaded. --
-- Connection established. --
 executing query insert into products(productId,productTitle) values (1, 'Mac Book Pro')
-- Something Went Wrong: -- java.sql.SQLException: Field 'productDescription' doesn't have a default value
]]></system-out>
  </testcase>
</testsuite>